2025-07-02 09:22:28 [INFO] getDashboardSummary controller:request received
2025-07-17 19:14:14 [INFO] getDashboardSummary controller:request received
2025-07-17 21:28:55 [INFO] getDashboardSummary controller:request received
2025-07-17 21:30:24 [INFO] getDashboardSummary controller:request received
2025-07-17 21:31:22 [INFO] getDashboardSummary controller:request received
2025-07-17 21:32:09 [INFO] getDashboardSummary controller:request received
2025-07-17 21:32:12 [INFO] getDashboardSummary controller:request received
2025-07-17 21:32:40 [INFO] getDashboardSummary controller:request received
2025-07-17 21:32:41 [INFO] getDashboardSummary controller:request received
2025-07-17 21:32:43 [INFO] getDashboardSummary controller:request received
2025-07-17 22:15:08 [INFO] getDashboardSummary controller:request received
2025-07-17 22:16:32 [INFO] getDashboardSummary controller:request received
2025-07-17 22:18:21 [INFO] getDashboardSummary controller:request received
2025-07-17 22:19:36 [INFO] getDashboardSummary controller:request received
2025-07-17 22:27:38 [INFO] getDashboardSummary controller:request received
2025-07-18 08:31:32 [INFO] getDashboardSummary controller:request received
2025-07-18 08:36:07 [INFO] getDashboardSummary controller:request received
2025-07-18 09:25:13 [INFO] getDashboardSummary controller:request received
2025-07-18 09:26:19 [INFO] getDashboardSummary controller:request received
2025-07-18 18:31:51 [INFO] getDashboardSummary controller:request received
2025-07-18 19:36:54 [INFO] getDashboardSummary controller:request received
2025-07-19 18:57:21 [INFO] getDashboardSummary controller:request received
2025-07-19 21:14:42 [INFO] getDashboardSummary controller:request received
2025-07-19 21:15:04 [INFO] getDashboardSummary controller:request received
2025-07-19 21:15:46 [INFO] getDashboardSummary controller:request received
2025-07-20 06:58:11 [INFO] getDashboardSummary controller:request received
2025-07-20 06:59:41 [INFO] getDashboardSummary controller:request received
2025-07-20 06:59:52 [INFO] getDashboardSummary controller:request received
2025-07-20 07:00:06 [INFO] getDashboardSummary controller:request received
2025-07-20 07:04:59 [INFO] getDashboardSummary controller:request received
2025-07-20 07:16:06 [INFO] getDashboardSummary controller:request received
2025-07-20 09:14:50 [INFO] getDashboardSummary controller:request received
2025-07-20 09:15:20 [INFO] getDashboardSummary controller:request received
2025-07-20 09:48:11 [INFO] getDashboardSummary controller:request received
2025-07-20 09:49:06 [INFO] getDashboardSummary controller:request received
2025-07-20 09:51:30 [INFO] getDashboardSummary controller:request received
2025-07-20 09:51:58 [INFO] getDashboardSummary controller:request received
2025-07-20 09:53:01 [INFO] getDashboardSummary controller:request received
2025-07-20 09:56:19 [INFO] getDashboardSummary controller:request received
2025-07-20 09:57:16 [INFO] getDashboardSummary controller:request received
2025-07-20 09:57:31 [INFO] getDashboardSummary controller:request received
2025-07-20 10:06:51 [INFO] getDashboardSummary controller:request received
2025-07-20 10:12:21 [INFO] getDashboardSummary controller:request received
2025-07-20 10:12:34 [INFO] getDashboardSummary controller:request received
2025-07-20 19:29:38 [INFO] getDashboardSummary controller:request received
2025-07-21 21:55:31 [INFO] getDashboardSummary controller:request received
2025-07-21 22:01:31 [INFO] getDashboardSummary controller:request received
2025-07-21 22:06:29 [INFO] getDashboardSummary controller:request received
2025-07-21 22:07:07 [INFO] getDashboardSummary controller:request received
2025-07-22 05:42:57 [INFO] getDashboardSummary controller:request received
2025-07-22 06:27:14 [INFO] getDashboardSummary controller:request received
2025-07-22 06:46:24 [INFO] getDashboardSummary controller:request received
2025-07-22 06:46:43 [INFO] getDashboardSummary controller:request received
2025-07-22 06:46:48 [INFO] getDashboardSummary controller:request received
2025-07-22 07:10:54 [INFO] getDashboardSummary controller:request received
2025-07-22 07:19:11 [INFO] getDashboardSummary controller:request received
2025-07-22 07:19:36 [INFO] getDashboardSummary controller:request received
2025-07-22 07:20:18 [INFO] getDashboardSummary controller:request received
2025-07-22 07:20:45 [INFO] getDashboardSummary controller:request received
2025-07-22 19:10:35 [INFO] getDashboardSummary controller:request received
2025-07-22 19:24:20 [INFO] getDashboardSummary controller:request received
2025-07-22 19:29:13 [INFO] getDashboardSummary controller:request received
2025-07-22 19:29:32 [INFO] getDashboardSummary controller:request received
2025-07-22 19:42:06 [INFO] getDashboardSummary controller:request received
2025-07-22 19:42:43 [INFO] getDashboardSummary controller:request received
2025-07-22 19:44:15 [INFO] getDashboardSummary controller:request received
2025-07-22 19:47:59 [INFO] getDashboardSummary controller:request received
2025-07-22 20:43:16 [INFO] getDashboardSummary controller:request received
2025-07-22 20:43:58 [INFO] getDashboardSummary controller:request received
2025-07-22 20:46:48 [INFO] getDashboardSummary controller:request received
2025-07-22 20:47:48 [INFO] getDashboardSummary controller:request received
2025-07-22 20:54:30 [INFO] getDashboardSummary controller:request received
2025-07-22 20:56:36 [INFO] getDashboardSummary controller:request received
2025-07-22 20:57:46 [INFO] getDashboardSummary controller:request received
2025-07-22 20:58:09 [INFO] getDashboardSummary controller:request received
2025-07-22 20:59:18 [INFO] getDashboardSummary controller:request received
2025-07-22 20:59:32 [INFO] getDashboardSummary controller:request received
2025-07-23 06:33:48 [INFO] getDashboardSummary controller:request received
2025-07-23 06:35:54 [INFO] getDashboardSummary controller:request received
2025-07-23 08:49:35 [INFO] getDashboardSummary controller:request received
2025-07-23 08:50:36 [INFO] getDashboardSummary controller:request received
2025-07-23 08:51:14 [INFO] getDashboardSummary controller:request received
2025-07-23 08:51:14 [ERROR] Dashboard Fetch Error: EX is not defined
2025-07-23 08:52:34 [INFO] getDashboardSummary controller:request received
2025-07-23 08:52:38 [INFO] getDashboardSummary controller:request received
2025-07-23 08:52:52 [INFO] getDashboardSummary controller:request received
2025-07-23 08:54:51 [INFO] getDashboardSummary controller:request received
2025-07-23 08:54:51 [ERROR] Dashboard Fetch Error: "[object Object]" is not valid JSON
2025-07-23 08:55:01 [INFO] getDashboardSummary controller:request received
2025-07-23 08:55:02 [ERROR] Dashboard Fetch Error: "[object Object]" is not valid JSON
2025-07-23 08:55:32 [INFO] getDashboardSummary controller:request received
2025-07-23 08:55:32 [ERROR] Dashboard Fetch Error: "[object Object]" is not valid JSON
2025-07-23 08:56:04 [INFO] getDashboardSummary controller:request received
2025-07-23 08:56:04 [ERROR] Dashboard Fetch Error: "[object Object]" is not valid JSON
2025-07-23 09:13:23 [INFO] getDashboardSummary controller:request received
2025-07-23 09:13:40 [INFO] getDashboardSummary controller:request received
2025-07-23 09:14:36 [INFO] getDashboardSummary controller:request received
2025-07-23 11:00:37 [INFO] getDashboardSummary controller:request received
2025-07-23 11:00:58 [INFO] getDashboardSummary controller:request received
2025-07-23 19:14:33 [INFO] getDashboardSummary controller:request received
2025-07-23 19:15:13 [INFO] getDashboardSummary controller:request received
2025-07-23 19:20:52 [INFO] getDashboardSummary controller:request received
2025-07-23 19:22:39 [INFO] getDashboardSummary controller:request received
2025-07-23 19:23:46 [INFO] getDashboardSummary controller:request received
2025-07-23 19:25:27 [INFO] getDashboardSummary controller:request received
2025-07-23 19:40:00 [INFO] getDashboardSummary controller:request received
2025-07-23 19:46:13 [INFO] getDashboardSummary controller:request received
2025-07-23 19:48:08 [INFO] getDashboardSummary controller:request received
2025-07-23 19:59:43 [INFO] getDashboardSummary controller:request received
2025-07-23 21:04:33 [INFO] getDashboardSummary controller:request received
2025-07-23 21:04:38 [INFO] getDashboardSummary controller:request received
2025-07-23 21:04:45 [INFO] getDashboardSummary controller:request received
2025-07-24 09:06:01 [INFO] getDashboardSummary controller:request received
2025-07-24 09:10:52 [INFO] getDashboardSummary controller:request received
2025-07-24 09:12:38 [INFO] getDashboardSummary controller:request received
2025-07-24 13:15:18 [INFO] getDashboardSummary controller:request received
2025-07-24 19:43:58 [INFO] getDashboardSummary controller:request received
2025-07-24 19:44:03 [INFO] getDashboardSummary controller:request received
2025-07-24 19:49:02 [INFO] getDashboardSummary controller:request received
2025-07-24 20:12:18 [INFO] getDashboardSummary controller:request received
2025-07-24 20:13:06 [INFO] getDashboardSummary controller:request received
2025-07-24 20:13:35 [INFO] getDashboardSummary controller:request received
2025-07-24 20:13:48 [INFO] getDashboardSummary controller:request received
2025-07-24 20:14:30 [INFO] getDashboardSummary controller:request received
2025-07-24 20:14:46 [INFO] getDashboardSummary controller:request received
2025-07-24 20:15:33 [INFO] getDashboardSummary controller:request received
2025-07-24 20:15:43 [INFO] getDashboardSummary controller:request received
2025-07-24 20:30:52 [INFO] getDashboardSummary controller:request received
2025-07-24 20:30:52 [INFO] getDashboardSummary controller:request received
2025-07-24 20:39:55 [INFO] getDashboardSummary controller:request received
2025-07-24 20:39:57 [INFO] getDashboardSummary controller:request received
2025-07-24 20:44:19 [INFO] getDashboardSummary controller:request received
2025-07-24 20:53:56 [INFO] getDashboardSummary controller:request received
2025-07-24 20:54:58 [INFO] getDashboardSummary controller:request received
2025-07-24 20:58:08 [INFO] getDashboardSummary controller:request received
2025-07-24 20:59:18 [INFO] getDashboardSummary controller:request received
2025-07-24 20:59:18 [INFO] getDashboardSummary controller:request received
2025-07-24 21:00:48 [INFO] getDashboardSummary controller:request received
2025-07-26 17:21:49 [INFO] getDashboardSummary controller:request received
2025-07-27 08:06:05 [INFO] getDashboardSummary controller:request received
2025-07-27 08:48:24 [INFO] getDashboardSummary controller:request received
2025-07-27 09:04:36 [INFO] getDashboardSummary controller:request received
2025-07-27 09:05:08 [INFO] getDashboardSummary controller:request received
2025-07-27 09:41:36 [INFO] getDashboardSummary controller:request received
2025-07-27 11:00:17 [INFO] getDashboardSummary controller:request received
2025-07-27 11:00:26 [INFO] getDashboardSummary controller:request received
2025-07-27 11:16:38 [INFO] getDashboardSummary controller:request received
2025-07-27 11:18:22 [INFO] getDashboardSummary controller:request received
2025-07-27 11:33:44 [INFO] getDashboardSummary controller:request received
2025-07-27 11:33:51 [INFO] getDashboardSummary controller:request received
2025-07-27 15:14:54 [INFO] getDashboardSummary controller:request received
2025-07-27 15:15:13 [INFO] getDashboardSummary controller:request received
2025-07-27 15:19:48 [INFO] getDashboardSummary controller:request received
2025-07-27 15:24:37 [INFO] getDashboardSummary controller:request received
2025-07-27 15:29:18 [INFO] getDashboardSummary controller:request received
2025-07-27 15:35:18 [INFO] getDashboardSummary controller:request received
2025-07-27 15:36:31 [INFO] getDashboardSummary controller:request received
2025-07-27 15:37:21 [INFO] getDashboardSummary controller:request received
2025-07-27 15:39:58 [INFO] getDashboardSummary controller:request received
2025-07-27 15:43:53 [INFO] getDashboardSummary controller:request received
2025-07-27 15:45:23 [INFO] getDashboardSummary controller:request received
2025-07-27 15:47:58 [INFO] getDashboardSummary controller:request received
2025-07-27 15:48:56 [INFO] getDashboardSummary controller:request received
2025-07-28 08:52:39 [INFO] getDashboardSummary controller:request received
2025-07-28 08:53:16 [INFO] getDashboardSummary controller:request received
2025-07-28 08:53:18 [INFO] getDashboardSummary controller:request received
2025-07-28 08:56:13 [INFO] getDashboardSummary controller:request received
2025-07-28 08:56:15 [INFO] getDashboardSummary controller:request received
2025-07-28 08:58:49 [INFO] getDashboardSummary controller:request received
2025-07-28 08:58:52 [INFO] getDashboardSummary controller:request received
2025-07-28 21:09:03 [INFO] getDashboardSummary controller:request received
2025-07-28 21:11:18 [INFO] getDashboardSummary controller:request received
2025-07-28 21:11:20 [INFO] getDashboardSummary controller:request received
2025-07-28 21:12:34 [INFO] getDashboardSummary controller:request received
2025-07-28 21:15:15 [INFO] getDashboardSummary controller:request received
2025-07-28 21:15:19 [INFO] getDashboardSummary controller:request received
2025-07-28 21:19:08 [INFO] getDashboardSummary controller:request received
2025-07-28 21:19:08 [ERROR] Dashboard Fetch Error: conosle is not defined
2025-07-28 21:19:29 [INFO] getDashboardSummary controller:request received
2025-07-28 21:23:18 [INFO] getDashboardSummary controller:request received
2025-07-28 21:23:20 [INFO] getDashboardSummary controller:request received
2025-07-28 21:27:40 [INFO] getDashboardSummary controller:request received
2025-07-28 21:27:43 [INFO] getDashboardSummary controller:request received
2025-07-28 21:27:44 [INFO] getDashboardSummary controller:request received
2025-07-28 21:27:45 [INFO] getDashboardSummary controller:request received
2025-07-28 21:27:48 [INFO] getDashboardSummary controller:request received
2025-07-28 21:28:24 [INFO] getDashboardSummary controller:request received
2025-07-28 21:28:26 [INFO] getDashboardSummary controller:request received
2025-07-28 21:28:50 [INFO] getDashboardSummary controller:request received
2025-07-28 21:28:51 [INFO] getDashboardSummary controller:request received
2025-07-28 21:28:53 [INFO] getDashboardSummary controller:request received
2025-07-28 21:29:03 [INFO] getDashboardSummary controller:request received
2025-07-28 21:38:31 [INFO] getDashboardSummary controller:request received
2025-07-28 21:51:40 [INFO] getDashboardSummary controller:request received
2025-07-28 22:03:00 [INFO] getDashboardSummary controller:request received
2025-07-28 22:04:21 [INFO] getDashboardSummary controller:request received
2025-07-28 22:06:11 [INFO] getDashboardSummary controller:request received
2025-07-28 22:06:16 [INFO] getDashboardSummary controller:request received
2025-07-29 06:13:51 [INFO] getDashboardSummary controller:request received
2025-07-29 06:34:14 [INFO] getDashboardSummary controller:request received
2025-07-29 06:38:56 [INFO] getDashboardSummary controller:request received
2025-07-29 06:41:11 [INFO] getDashboardSummary controller:request received
2025-07-29 06:42:24 [INFO] getDashboardSummary controller:request received
2025-07-29 18:17:21 [INFO] getDashboardSummary controller:request received
2025-07-29 18:17:37 [INFO] getDashboardSummary controller:request received
2025-07-29 18:17:41 [INFO] getDashboardSummary controller:request received
2025-07-29 18:18:00 [INFO] getDashboardSummary controller:request received
2025-07-29 18:23:11 [INFO] getDashboardSummary controller:request received
2025-07-29 18:35:53 [INFO] getDashboardSummary controller:request received
2025-07-29 18:36:23 [INFO] getDashboardSummary controller:request received
2025-07-29 18:37:09 [INFO] getDashboardSummary controller:request received
2025-07-29 18:47:19 [INFO] getDashboardSummary controller:request received
2025-07-29 18:48:15 [INFO] getDashboardSummary controller:request received
2025-07-29 18:50:09 [INFO] getDashboardSummary controller:request received
2025-07-29 18:50:21 [INFO] getDashboardSummary controller:request received
2025-07-29 18:50:26 [INFO] getDashboardSummary controller:request received
2025-07-29 18:50:32 [INFO] getDashboardSummary controller:request received
2025-07-29 18:51:36 [INFO] getDashboardSummary controller:request received
2025-07-29 18:51:40 [INFO] getDashboardSummary controller:request received
2025-07-29 18:51:56 [INFO] getDashboardSummary controller:request received
2025-07-29 18:54:58 [INFO] getDashboardSummary controller:request received
2025-07-29 19:55:44 [INFO] getDashboardSummary controller:request received
2025-07-29 20:06:45 [INFO] getDashboardSummary controller:request received
2025-07-29 20:06:56 [INFO] getDashboardSummary controller:request received
2025-07-29 20:08:32 [INFO] getDashboardSummary controller:request received
2025-07-29 20:58:36 [INFO] getDashboardSummary controller:request received
2025-07-29 21:25:40 [INFO] getDashboardSummary controller:request received
2025-07-29 21:25:55 [INFO] getDashboardSummary controller:request received
2025-07-29 21:26:58 [INFO] getDashboardSummary controller:request received
2025-07-29 21:28:37 [INFO] getDashboardSummary controller:request received
2025-07-29 21:30:25 [INFO] getDashboardSummary controller:request received
2025-07-29 21:30:28 [INFO] getDashboardSummary controller:request received
2025-07-29 21:35:54 [INFO] getDashboardSummary controller:request received
2025-07-29 21:36:09 [INFO] getDashboardSummary controller:request received
2025-07-29 21:41:13 [INFO] getDashboardSummary controller:request received
2025-07-29 21:41:24 [INFO] getDashboardSummary controller:request received
2025-07-29 21:41:26 [INFO] getDashboardSummary controller:request received
2025-07-29 21:42:26 [INFO] getDashboardSummary controller:request received
2025-07-29 21:47:11 [INFO] getDashboardSummary controller:request received
2025-07-29 21:47:12 [INFO] getDashboardSummary controller:request received
2025-07-29 21:47:14 [INFO] getDashboardSummary controller:request received
2025-07-29 21:47:24 [INFO] getDashboardSummary controller:request received
2025-07-29 21:48:43 [INFO] getDashboardSummary controller:request received
2025-07-29 21:49:02 [INFO] getDashboardSummary controller:request received
2025-07-29 21:49:11 [INFO] getDashboardSummary controller:request received
2025-07-29 21:49:13 [INFO] getDashboardSummary controller:request received
2025-07-29 21:49:21 [INFO] getDashboardSummary controller:request received
2025-07-29 21:49:22 [INFO] getDashboardSummary controller:request received
2025-07-29 21:55:44 [INFO] getDashboardSummary controller:request received
2025-07-29 21:56:17 [INFO] getDashboardSummary controller:request received
2025-07-29 21:56:54 [INFO] getDashboardSummary controller:request received
2025-07-29 21:56:54 [INFO] getDashboardSummary controller:request received
2025-07-29 21:57:02 [INFO] getDashboardSummary controller:request received
2025-07-29 21:57:04 [INFO] getDashboardSummary controller:request received
2025-07-29 21:57:05 [INFO] getDashboardSummary controller:request received
2025-07-29 22:01:11 [INFO] getDashboardSummary controller:request received
2025-07-29 22:03:25 [INFO] getDashboardSummary controller:request received
2025-07-29 22:06:06 [INFO] getDashboardSummary controller:request received
2025-07-29 22:06:57 [INFO] getDashboardSummary controller:request received
2025-07-29 22:08:24 [INFO] getDashboardSummary controller:request received
2025-07-29 22:09:54 [INFO] getDashboardSummary controller:request received
2025-07-29 22:09:56 [INFO] getDashboardSummary controller:request received
2025-07-29 22:10:13 [INFO] getDashboardSummary controller:request received
2025-07-29 22:10:14 [INFO] getDashboardSummary controller:request received
2025-07-29 22:10:23 [INFO] getDashboardSummary controller:request received
2025-07-29 22:10:24 [INFO] getDashboardSummary controller:request received
2025-07-29 22:10:37 [INFO] getDashboardSummary controller:request received
2025-07-29 22:10:38 [INFO] getDashboardSummary controller:request received
2025-07-29 22:11:31 [INFO] getDashboardSummary controller:request received
2025-07-29 22:11:32 [INFO] getDashboardSummary controller:request received
2025-07-29 22:12:23 [INFO] getDashboardSummary controller:request received
2025-07-29 22:13:46 [INFO] getDashboardSummary controller:request received
2025-07-29 22:15:42 [INFO] getDashboardSummary controller:request received
2025-07-29 22:15:48 [INFO] getDashboardSummary controller:request received
2025-07-29 22:15:50 [INFO] getDashboardSummary controller:request received
2025-07-29 22:15:57 [INFO] getDashboardSummary controller:request received
2025-07-29 22:15:59 [INFO] getDashboardSummary controller:request received
2025-07-30 07:20:25 [INFO] getDashboardSummary controller:request received
2025-07-30 07:20:59 [ERROR] Dashboard Fetch Error: 3C2E0000:error:0A000438:SSL routines:ssl3_read_bytes:tlsv1 alert internal error:c:\ws\deps\openssl\openssl\ssl\record\rec_layer_s3.c:1605:SSL alert number 80

2025-07-30 07:24:57 [INFO] getDashboardSummary controller:request received
2025-07-30 07:25:26 [INFO] getDashboardSummary controller:request received
2025-07-30 07:25:27 [ERROR] Dashboard Fetch Error: 3C2E0000:error:0A000438:SSL routines:ssl3_read_bytes:tlsv1 alert internal error:c:\ws\deps\openssl\openssl\ssl\record\rec_layer_s3.c:1605:SSL alert number 80

2025-07-30 07:25:45 [INFO] getDashboardSummary controller:request received
2025-07-30 07:25:56 [ERROR] Dashboard Fetch Error: 3C2E0000:error:0A000438:SSL routines:ssl3_read_bytes:tlsv1 alert internal error:c:\ws\deps\openssl\openssl\ssl\record\rec_layer_s3.c:1605:SSL alert number 80

2025-07-30 07:26:16 [ERROR] Dashboard Fetch Error: 3C2E0000:error:0A000438:SSL routines:ssl3_read_bytes:tlsv1 alert internal error:c:\ws\deps\openssl\openssl\ssl\record\rec_layer_s3.c:1605:SSL alert number 80

2025-07-30 07:26:20 [INFO] getDashboardSummary controller:request received
2025-07-30 07:26:50 [ERROR] Dashboard Fetch Error: 3C2E0000:error:0A000438:SSL routines:ssl3_read_bytes:tlsv1 alert internal error:c:\ws\deps\openssl\openssl\ssl\record\rec_layer_s3.c:1605:SSL alert number 80

2025-07-30 07:52:02 [INFO] getDashboardSummary controller:request received
2025-07-30 07:57:41 [INFO] getDashboardSummary controller:request received
2025-07-30 08:05:28 [INFO] getDashboardSummary controller:request received
2025-07-30 08:08:24 [INFO] getDashboardSummary controller:request received
2025-07-30 08:26:06 [INFO] getDashboardSummary controller:request received
2025-07-30 08:54:30 [INFO] getDashboardSummary controller:request received
2025-07-30 08:54:34 [INFO] getDashboardSummary controller:request received
2025-07-30 08:54:36 [INFO] getDashboardSummary controller:request received
2025-07-30 08:54:39 [INFO] getDashboardSummary controller:request received
2025-07-30 08:54:47 [INFO] getDashboardSummary controller:request received
2025-07-30 08:54:58 [INFO] getDashboardSummary controller:request received
2025-07-30 08:56:00 [INFO] getDashboardSummary controller:request received
2025-07-30 08:56:27 [INFO] getDashboardSummary controller:request received
2025-07-30 08:57:05 [INFO] getDashboardSummary controller:request received
2025-07-30 09:11:35 [INFO] getDashboardSummary controller:request received
2025-07-30 18:57:11 [INFO] getDashboardSummary controller:request received
2025-07-30 19:22:30 [INFO] getDashboardSummary controller:request received
2025-07-30 20:21:11 [INFO] getDashboardSummary controller:request received
2025-07-30 21:29:17 [INFO] getDashboardSummary controller:request received
2025-07-30 21:34:16 [INFO] getDashboardSummary controller:request received
2025-07-30 21:35:43 [INFO] getDashboardSummary controller:request received
2025-07-30 21:37:22 [INFO] getDashboardSummary controller:request received
2025-07-30 21:37:38 [INFO] getDashboardSummary controller:request received
2025-07-30 21:40:46 [INFO] getDashboardSummary controller:request received
2025-07-30 21:40:58 [INFO] getDashboardSummary controller:request received
2025-07-31 05:08:06 [INFO] getDashboardSummary controller:request received
2025-07-31 06:28:37 [INFO] getDashboardSummary controller:request received
2025-07-31 06:48:29 [INFO] getDashboardSummary controller:request received
2025-07-31 07:09:50 [INFO] getDashboardSummary controller:request received
2025-07-31 07:22:30 [INFO] getDashboardSummary controller:request received
2025-07-31 07:25:28 [INFO] getDashboardSummary controller:request received
2025-07-31 08:53:45 [INFO] getDashboardSummary controller:request received
2025-07-31 12:56:24 [INFO] getDashboardSummary controller:request received
2025-07-31 13:01:42 [INFO] getDashboardSummary controller:request received
2025-07-31 13:27:34 [INFO] getDashboardSummary controller:request received
2025-07-31 13:28:27 [INFO] getDashboardSummary controller:request received
2025-07-31 13:29:27 [INFO] getDashboardSummary controller:request received
2025-07-31 13:30:25 [INFO] getDashboardSummary controller:request received
2025-07-31 14:08:52 [INFO] getDashboardSummary controller:request received
2025-07-31 14:08:56 [INFO] getDashboardSummary controller:request received
2025-07-31 14:10:03 [INFO] getDashboardSummary controller:request received
2025-07-31 14:10:12 [INFO] getDashboardSummary controller:request received
2025-07-31 14:10:16 [INFO] getDashboardSummary controller:request received
2025-07-31 16:12:31 [INFO] getDashboardSummary controller:request received
2025-07-31 16:12:43 [INFO] getDashboardSummary controller:request received
2025-07-31 16:35:24 [INFO] getDashboardSummary controller:request received
2025-07-31 19:07:21 [INFO] getDashboardSummary controller:request received
2025-07-31 19:59:34 [INFO] getDashboardSummary controller:request received
2025-07-31 20:00:07 [INFO] getDashboardSummary controller:request received
2025-07-31 23:00:08 [INFO] getDashboardSummary controller:request received
2025-08-01 07:22:25 [INFO] getDashboardSummary controller:request received
2025-08-01 10:14:10 [INFO] getDashboardSummary controller:request received
2025-08-01 10:24:24 [INFO] getDashboardSummary controller:request received
2025-08-01 12:34:19 [INFO] getDashboardSummary controller:request received
2025-08-01 12:42:46 [INFO] getDashboardSummary controller:request received
2025-08-01 12:43:10 [INFO] getDashboardSummary controller:request received
2025-08-01 12:44:01 [INFO] getDashboardSummary controller:request received
2025-08-01 13:14:04 [INFO] getDashboardSummary controller:request received
2025-08-01 22:34:01 [INFO] getDashboardSummary controller:request received
2025-08-02 11:12:02 [INFO] getDashboardSummary controller:request received
